


materialPath: D:\Program Files (x86)\Steam\steamapps\sourcemods\NEMESIS\materials
Loading d:\program files (x86)\steam\steamapps\sourcemods\nemesis\maps\devmaps\a1c1_hospital.vmf
Could not locate 'GameData' key in d:\program files (x86)\steam\steamapps\sourcemods\nemesis\gameinfo.txt
fixing up env_cubemap materials on brush sides...
env_cubemap pointing at deleted brushside near (-312, 1392, -208)
0...1...2...3...4...5...6...7...8...9...100...1...2...3...4...5...6...7...8...9...10Processing areas...done (0)
Building Faces...done (0)
FixTjuncs...
PruneNodes...
WriteBSP...
done (0)
writing d:\program files (x86)\steam\steamapps\sourcemods\nemesis\maps\devmaps\a1c1_hospital.prt...Building visibility clusters...
done (0)
Finding displacement neighbors...
Finding lightmap sample positions...
Displacement Alpha : 0...1...2...3...4...5...6...7...8...9...10
Building Physics collision data...
done (0) (60243 bytes)
Placing detail props : 0...1...2...3...4...5...6...7...8...9...10
Compacting texture/material tables...
Reduced 373 texinfos to 174
Reduced 39 texdatas to 32 (1252 bytes to 1078)
Writing d:\program files (x86)\steam\steamapps\sourcemods\nemesis\maps\devmaps\a1c1_hospital.bsp
0 seconds elapsed



16 threads
reading d:\program files (x86)\steam\steamapps\sourcemods\nemesis\maps\devmaps\a1c1_hospital.bsp
reading d:\program files (x86)\steam\steamapps\sourcemods\nemesis\maps\devmaps\a1c1_hospital.prt
  95 portalclusters
 169 numportals
0...1...2...3...4...5...6...7...8...9...100...1...2...3...4...5...6...7...8...9...10Optimized: 28 visible clusters (1.07%)
Total clusters visible: 2611
Average clusters visible: 27
Building PAS...
Average clusters audible: 52
visdatasize:2901  compressed from 3040
writing d:\program files (x86)\steam\steamapps\sourcemods\nemesis\maps\devmaps\a1c1_hospital.bsp
0 seconds elapsed



[Reading texlights from 'lights.rad']
[48 texlights parsed from 'lights.rad']

Loading d:\program files (x86)\steam\steamapps\sourcemods\nemesis\maps\devmaps\a1c1_hospital.bsp
522 faces
36102 square feet [5198798.00 square inches]
0 Displacements
0 Square Feet [0.00 Square Inches]
522 patches before subdivision
5646 patches after subdivision
light has _fifty_percent_distance of 34.000000 but _zero_percent_distance of 0.000000
light has _fifty_percent_distance of 34.000000 but _zero_percent_distance of 0.000000
light has _fifty_percent_distance of 241.000000 but _zero_percent_distance of 7.000000
light has _fifty_percent_distance of 241.000000 but _zero_percent_distance of 7.000000
23 direct lights
0...1...2...3...4...5...6...7...8...9...100...1...2...3...4...5...6...7...8...9...10transfers 427677, max 231
transfer lists:   3.3 megs
0...1...2...3...4...5...6...7...8...9...10	Bounce #1 added RGB(14803, 15063, 12703)
0...1...2...3...4...5...6...7...8...9...10	Bounce #2 added RGB(6475, 6162, 4583)
0...1...2...3...4...5...6...7...8...9...10	Bounce #3 added RGB(2885, 2609, 1728)
0...1...2...3...4...5...6...7...8...9...10	Bounce #4 added RGB(1285, 1106, 649)
0...1...2...3...4...5...6...7...8...9...10	Bounce #5 added RGB(575, 472, 245)
0...1...2...3...4...5...6...7...8...9...10	Bounce #6 added RGB(257, 202, 93)
0...1...2...3...4...5...6...7...8...9...10	Bounce #7 added RGB(115, 86, 35)
0...1...2...3...4...5...6...7...8...9...10	Bounce #8 added RGB(52, 37, 13)
0...1...2...3...4...5...6...7...8...9...10	Bounce #9 added RGB(23, 16, 5)
0...1...2...3...4...5...6...7...8...9...10	Bounce #10 added RGB(10, 7, 2)
0...1...2...3...4...5...6...7...8...9...10	Bounce #11 added RGB(5, 3, 1)
0...1...2...3...4...5...6...7...8...9...10	Bounce #12 added RGB(2, 1, 0)
0...1...2...3...4...5...6...7...8...9...10	Bounce #13 added RGB(1, 1, 0)
Build Patch/Sample Hash Table(s).....Done<0.0009 sec>
0...1...2...3...4...5...6...7...8...9...10FinalLightFace Done
0 of 0 (0% of) surface lights went in leaf ambient cubes.
0...1...2...3...4...5...6...7...8...9...10Writing leaf ambient...done
Ready to Finish

Object names       Objects/Maxobjs  Memory / Maxmem  Fullness 
------------       ---------------  ---------------  -------- 
models                  11/1024          528/49152    ( 1.1%) 
brushes                163/8192         1956/98304    ( 2.0%) 
brushsides             996/65536        7968/524288   ( 1.5%) 
planes                 434/65536        8680/1310720  ( 0.7%) 
vertexes               933/65536       11196/786432   ( 1.4%) 
nodes                  351/65536       11232/2097152  ( 0.5%) 
texinfos               174/12288       12528/884736   ( 1.4%) 
texdata                 32/2048         1024/65536    ( 1.6%) 
dispinfos                0/0               0/0        ( 0.0%) 
disp_verts               0/0               0/0        ( 0.0%) 
disp_tris                0/0               0/0        ( 0.0%) 
disp_lmsamples           0/0               0/0        ( 0.0%) 
faces                  522/65536       29232/3670016  ( 0.8%) 
hdr faces                0/65536           0/3670016  ( 0.0%) 
origfaces              363/65536       20328/3670016  ( 0.6%) 
leaves                 363/65536       11616/2097152  ( 0.6%) 
leaffaces              579/65536        1158/131072   ( 0.9%) 
leafbrushes            246/65536         492/131072   ( 0.4%) 
areas                    2/256            16/2048     ( 0.8%) 
surfedges             3898/512000      15592/2048000  ( 0.8%) 
edges                 2311/256000       9244/1024000  ( 0.9%) 
LDR worldlights         23/65536        2024/5767168  ( 0.0%) 
HDR worldlights          0/65536           0/5767168  ( 0.0%) 
leafwaterdata            0/32768           0/393216   ( 0.0%) 
waterstrips             41/32768         410/327680   ( 0.1%) 
waterverts               0/65536           0/786432   ( 0.0%) 
waterindices           738/65536        1476/131072   ( 1.1%) 
cubemapsamples           5/1024           80/16384    ( 0.5%) 
overlays                 9/8192         3168/2883584  ( 0.1%) 
LDR lightdata         [variable]      464932/0        ( 0.0%) 
HDR lightdata         [variable]           0/0        ( 0.0%) 
visdata               [variable]        2901/16777216 ( 0.0%) 
entdata               [variable]       32257/393216   ( 8.2%) 
LDR ambient table      363/65536        1452/262144   ( 0.6%) 
HDR ambient table      363/65536        1452/262144   ( 0.6%) 
LDR leaf ambient      1043/65536       29204/1835008  ( 1.6%) 
HDR leaf ambient       363/65536       10164/1835008  ( 0.6%) 
occluders                0/0               0/0        ( 0.0%) 
occluder polygons        0/0               0/0        ( 0.0%) 
occluder vert ind        0/0               0/0        ( 0.0%) 
detail props          [variable]           1/12       ( 8.3%) 
static props          [variable]           1/9114     ( 0.0%) 
pakfile               [variable]        4059/0        ( 0.0%) 
physics               [variable]       60243/4194304  ( 1.4%) 
physics terrain       [variable]           2/1048576  ( 0.0%) 

Level flags = 0

Total triangle count: 1398
Writing d:\program files (x86)\steam\steamapps\sourcemods\nemesis\maps\devmaps\a1c1_hospital.bsp
1 second elapsed



[Reading texlights from 'lights.rad']
[48 texlights parsed from 'lights.rad']

Loading d:\program files (x86)\steam\steamapps\sourcemods\nemesis\maps\devmaps\a1c1_hospital.bsp
522 faces
36102 square feet [5198798.00 square inches]
0 Displacements
0 Square Feet [0.00 Square Inches]
522 patches before subdivision
5646 patches after subdivision
light has _fifty_percent_distance of 34.000000 but _zero_percent_distance of 0.000000
light has _fifty_percent_distance of 34.000000 but _zero_percent_distance of 0.000000
light has _fifty_percent_distance of 241.000000 but _zero_percent_distance of 7.000000
light has _fifty_percent_distance of 241.000000 but _zero_percent_distance of 7.000000
23 direct lights
0...1...2...3...4...5...6...7...8...9...100...1...2...3...4...5...6...7...8...9...10transfers 427677, max 231
transfer lists:   3.3 megs
0...1...2...3...4...5...6...7...8...9...10	Bounce #1 added RGB(7425, 8216, 7772)
0...1...2...3...4...5...6...7...8...9...10	Bounce #2 added RGB(2856, 2989, 2496)
0...1...2...3...4...5...6...7...8...9...10	Bounce #3 added RGB(1158, 1150, 847)
0...1...2...3...4...5...6...7...8...9...10	Bounce #4 added RGB(482, 453, 293)
0...1...2...3...4...5...6...7...8...9...10	Bounce #5 added RGB(205, 183, 103)
0...1...2...3...4...5...6...7...8...9...10	Bounce #6 added RGB(89, 75, 37)
0...1...2...3...4...5...6...7...8...9...10	Bounce #7 added RGB(39, 31, 13)
0...1...2...3...4...5...6...7...8...9...10	Bounce #8 added RGB(17, 13, 5)
0...1...2...3...4...5...6...7...8...9...10	Bounce #9 added RGB(8, 5, 2)
0...1...2...3...4...5...6...7...8...9...10	Bounce #10 added RGB(3, 2, 1)
0...1...2...3...4...5...6...7...8...9...10	Bounce #11 added RGB(1, 1, 0)
0...1...2...3...4...5...6...7...8...9...10	Bounce #12 added RGB(1, 0, 0)
Build Patch/Sample Hash Table(s).....Done<0.0008 sec>
0...1...2...3...4...5...6...7...8...9...10FinalLightFace Done
0 of 0 (0% of) surface lights went in leaf ambient cubes.
0...1...2...3...4...5...6...7...8...9...10Writing leaf ambient...done
Ready to Finish

Object names       Objects/Maxobjs  Memory / Maxmem  Fullness 
------------       ---------------  ---------------  -------- 
models                  11/1024          528/49152    ( 1.1%) 
brushes                163/8192         1956/98304    ( 2.0%) 
brushsides             996/65536        7968/524288   ( 1.5%) 
planes                 434/65536        8680/1310720  ( 0.7%) 
vertexes               933/65536       11196/786432   ( 1.4%) 
nodes                  351/65536       11232/2097152  ( 0.5%) 
texinfos               174/12288       12528/884736   ( 1.4%) 
texdata                 32/2048         1024/65536    ( 1.6%) 
dispinfos                0/0               0/0        ( 0.0%) 
disp_verts               0/0               0/0        ( 0.0%) 
disp_tris                0/0               0/0        ( 0.0%) 
disp_lmsamples           0/0               0/0        ( 0.0%) 
faces                  522/65536       29232/3670016  ( 0.8%) 
hdr faces              522/65536       29232/3670016  ( 0.8%) 
origfaces              363/65536       20328/3670016  ( 0.6%) 
leaves                 363/65536       11616/2097152  ( 0.6%) 
leaffaces              579/65536        1158/131072   ( 0.9%) 
leafbrushes            246/65536         492/131072   ( 0.4%) 
areas                    2/256            16/2048     ( 0.8%) 
surfedges             3898/512000      15592/2048000  ( 0.8%) 
edges                 2311/256000       9244/1024000  ( 0.9%) 
LDR worldlights         23/65536        2024/5767168  ( 0.0%) 
HDR worldlights         23/65536        2024/5767168  ( 0.0%) 
leafwaterdata            0/32768           0/393216   ( 0.0%) 
waterstrips             41/32768         410/327680   ( 0.1%) 
waterverts               0/65536           0/786432   ( 0.0%) 
waterindices           738/65536        1476/131072   ( 1.1%) 
cubemapsamples           5/1024           80/16384    ( 0.5%) 
overlays                 9/8192         3168/2883584  ( 0.1%) 
LDR lightdata         [variable]      464932/0        ( 0.0%) 
HDR lightdata         [variable]      464932/0        ( 0.0%) 
visdata               [variable]        2901/16777216 ( 0.0%) 
entdata               [variable]       32257/393216   ( 8.2%) 
LDR ambient table      363/65536        1452/262144   ( 0.6%) 
HDR ambient table      363/65536        1452/262144   ( 0.6%) 
LDR leaf ambient      1043/65536       29204/1835008  ( 1.6%) 
HDR leaf ambient      1025/65536       28700/1835008  ( 1.6%) 
occluders                0/0               0/0        ( 0.0%) 
occluder polygons        0/0               0/0        ( 0.0%) 
occluder vert ind        0/0               0/0        ( 0.0%) 
detail props          [variable]           1/12       ( 8.3%) 
static props          [variable]           1/9114     ( 0.0%) 
pakfile               [variable]        4059/0        ( 0.0%) 
physics               [variable]       60243/4194304  ( 1.4%) 
physics terrain       [variable]           2/1048576  ( 0.0%) 

Level flags = 0

Total triangle count: 1398
Writing d:\program files (x86)\steam\steamapps\sourcemods\nemesis\maps\devmaps\a1c1_hospital.bsp
1 second elapsed
