PRT1
95
169
4 0 15 (0 1152 -96 ) (0 1632 -96 ) (0 1632 -136 ) (0 1152 -136 ) 
4 0 1 (0 1152 -136 ) (0 1632 -136 ) (432 1632 -136 ) (432 1152 -136 ) 
4 1 15 (0 1152 -136 ) (0 1632 -136 ) (0 1632 -144 ) (0 1152 -144 ) 
4 1 2 (0 1152 -144 ) (0 1632 -144 ) (432 1632 -144 ) (432 1152 -144 ) 
4 2 15 (0 1152 -144 ) (0 1632 -144 ) (0 1632 -160 ) (0 1152 -160 ) 
4 2 13 (260 1152 -160 ) (0 1152 -160 ) (0 1632 -160 ) (260 1632 -160 ) 
4 2 7 (312 1152 -160 ) (260 1152 -160 ) (260 1632 -160 ) (312 1632 -160 ) 
4 2 6 (316 1152 -160 ) (312 1152 -160 ) (312 1632 -160 ) (316 1632 -160 ) 
4 2 4 (432 1632 -160 ) (432 1152 -160 ) (316 1152 -160 ) (316 1632 -160 ) 
4 3 75 (432 1024 -160 ) (432 1024 -144 ) (144 1024 -144 ) (144 1024 -160 ) 
4 3 14 (260 1024 -160 ) (144 1024 -160 ) (144 1136 -160 ) (260 1136 -160 ) 
4 3 12 (316 1024 -160 ) (260 1024 -160 ) (260 1136 -160 ) (316 1136 -160 ) 
4 3 5 (432 1136 -160 ) (432 1024 -160 ) (316 1024 -160 ) (316 1136 -160 ) 
4 4 6 (316 1632 -272 ) (316 1152 -272 ) (316 1152 -160 ) (316 1632 -160 ) 
4 5 78 (432 1024 -272 ) (432 1024 -160 ) (316 1024 -160 ) (316 1024 -272 ) 
4 5 12 (316 1136 -272 ) (316 1024 -272 ) (316 1024 -160 ) (316 1136 -160 ) 
4 6 10 (312 1331.644531 -272 ) (312 1316.177246 -272 ) (312 1316.177246 -164 ) (312 1331.644531 -164 ) 
4 6 9 (312 1636 -272 ) (312 1331.644531 -272 ) (312 1331.644531 -164 ) (312 1636 -164 ) 
4 6 8 (312 1316.177246 -272 ) (312 1146 -272 ) (312 1146 -164 ) (312 1316.177246 -164 ) 
4 6 7 (312 1146 -164 ) (312 1146 -160 ) (312 1636 -160 ) (312 1636 -164 ) 
4 7 13 (260 1152 -160 ) (260 1632 -160 ) (260 1632 -164 ) (260 1152 -164 ) 
4 7 10 (312 1331.644531 -164 ) (312 1316.177246 -164 ) (278.284973 1190.359863 -164 ) (274.423950 1191.399902 -164 ) 
5 7 9 (312 1636 -164 ) (312 1331.644531 -164 ) (262.259857 1146 -164 ) (260 1146 -164 ) (260 1636 -164 ) 
3 7 8 (312 1316.177246 -164 ) (312 1146 -164 ) (266.397919 1146 -164 ) 
4 8 11 (265.328125 1142 -272 ) (265.328125 1142 -164 ) (265.863922 1144 -164 ) (265.863922 1144 -272 ) 
4 8 10 (278.286743 1190.359497 -164 ) (312 1316.171875 -164 ) (312 1316.171875 -272 ) (278.286743 1190.359497 -272 ) 
4 8 12 (265.326050 1142 -272 ) (312 1142 -272 ) (312 1142 -164 ) (265.326050 1142 -164 ) 
4 9 13 (260 1632 -272 ) (260 1152 -272 ) (260 1152 -164 ) (260 1632 -164 ) 
4 9 10 (274.423004 1191.400269 -272 ) (312 1331.648315 -272 ) (312 1331.648315 -164 ) (274.422974 1191.400269 -164 ) 
4 11 12 (264 1142 -272 ) (265.326050 1142 -272 ) (265.326050 1142 -164 ) (264 1142 -164 ) 
4 12 78 (316 1024 -160 ) (260 1024 -160 ) (260 1024 -272 ) (316 1024 -272 ) 
4 12 14 (260 1136 -272 ) (260 1024 -272 ) (260 1024 -160 ) (260 1136 -160 ) 
4 13 15 (0 1152 -160 ) (0 1632 -160 ) (0 1632 -272 ) (0 1152 -272 ) 
4 14 78 (260 1024 -160 ) (144 1024 -160 ) (144 1024 -272 ) (260 1024 -272 ) 
4 15 22 (-40 1632 -272 ) (-40 1476 -272 ) (-40 1476 -96 ) (-40 1632 -96 ) 
4 15 21 (-40 1376 -272 ) (-40 1316 -272 ) (-40 1316 -96 ) (-40 1376 -96 ) 
4 15 20 (-40 1308 -272 ) (-40 1152 -272 ) (-40 1152 -96 ) (-40 1308 -96 ) 
4 15 16 (-40 1468 -272 ) (-40 1376 -272 ) (-40 1376 -96 ) (-40 1468 -96 ) 
4 16 21 (-44 1376 -272 ) (-40 1376 -272 ) (-40 1376 -96 ) (-44 1376 -96 ) 
4 16 18 (-44 1376 -132 ) (-44 1376 -96 ) (-44 1408 -96 ) (-44 1408 -132 ) 
4 16 19 (-44 1408 -272 ) (-44 1376 -272 ) (-44 1376 -152 ) (-44 1408 -152 ) 
4 16 17 (-44 1464.002075 -96 ) (-44 1464.002075 -272 ) (-44 1408 -272 ) (-44 1408 -96 ) 
4 17 28 (-48 1448 -272 ) (-48 1408 -272 ) (-48 1408 -160 ) (-48 1448 -160 ) 
4 17 18 (-44 1408 -132 ) (-44 1408 -96 ) (-48 1408 -96 ) (-48 1408 -132 ) 
4 17 19 (-48 1408 -272 ) (-44 1408 -272 ) (-44 1408 -152 ) (-48 1408 -152 ) 
4 18 21 (-44 1376 -132 ) (-44 1376 -96 ) (-48 1376 -96 ) (-48 1376 -132 ) 
4 19 28 (-48 1408 -160 ) (-48 1408 -272 ) (-48 1376 -272 ) (-48 1376 -160 ) 
4 19 21 (-48 1376 -272 ) (-44 1376 -272 ) (-44 1376 -152 ) (-48 1376 -152 ) 
4 21 28 (-48 1376 -160 ) (-48 1376 -272 ) (-48 1336 -272 ) (-48 1336 -160 ) 
4 23 31 (-64 1536 -160 ) (-64 1408 -160 ) (-576 1408 -160 ) (-576 1536 -160 ) 
4 23 25 (-576 1408 -96 ) (-576 1408 -132 ) (-572 1408 -132 ) (-572 1408 -96 ) 
4 23 26 (-576 1408 -152 ) (-576 1408 -160 ) (-572 1408 -160 ) (-572 1408 -152 ) 
4 23 24 (-572 1408 -160 ) (-64 1408 -160 ) (-64 1408 -96 ) (-572 1408 -96 ) 
4 24 31 (-64 1408 -160 ) (-64 1248 -160 ) (-572 1248 -160 ) (-572 1408 -160 ) 
4 24 25 (-572 1408 -96 ) (-572 1408 -132 ) (-572 1376 -132 ) (-572 1376 -96 ) 
4 24 26 (-572 1408 -152 ) (-572 1408 -160 ) (-572 1376 -160 ) (-572 1376 -152 ) 
4 24 27 (-572 1376 -160 ) (-572 1248 -160 ) (-572 1248 -96 ) (-572 1376 -96 ) 
4 25 27 (-576 1376 -96 ) (-576 1376 -132 ) (-572 1376 -132 ) (-572 1376 -96 ) 
4 26 31 (-576 1376 -160 ) (-576 1408 -160 ) (-572 1408 -160 ) (-572 1376 -160 ) 
4 26 27 (-576 1376 -152 ) (-576 1376 -160 ) (-572 1376 -160 ) (-572 1376 -152 ) 
4 27 31 (-572 1248 -160 ) (-576 1248 -160 ) (-576 1376 -160 ) (-572 1376 -160 ) 
4 28 29 (-54 1392 -272 ) (-54 1336 -272 ) (-54 1336 -160 ) (-54 1392 -160 ) 
4 29 30 (-58 1392 -272 ) (-58 1336 -272 ) (-58 1336 -160 ) (-58 1392 -160 ) 
4 30 31 (-64 1448 -272 ) (-64 1336 -272 ) (-64 1336 -160 ) (-64 1448 -160 ) 
4 31 32 (-576 1448 -272 ) (-576 1336 -272 ) (-576 1336 -160 ) (-576 1448 -160 ) 
4 33 68 (1024 864 -288 ) (1024 672 -288 ) (1024 672 0 ) (1024 864 0 ) 
4 33 51 (1024 672 0 ) (1024 672 112 ) (1024 864 112 ) (1024 864 0 ) 
4 33 44 (1024 672 112 ) (1024 672 128 ) (1024 864 128 ) (1024 864 112 ) 
4 33 39 (1024 672 128 ) (1024 672 136 ) (1024 736 136 ) (1024 736 128 ) 
4 33 36 (1024 736 136 ) (1024 800 136 ) (1024 800 128 ) (1024 736 128 ) 
4 33 35 (1024 800 136 ) (1024 864 136 ) (1024 864 128 ) (1024 800 128 ) 
4 33 34 (1024 672 136 ) (1024 672 144 ) (1024 864 144 ) (1024 864 136 ) 
4 34 39 (1024 736 136 ) (1024 672 136 ) (992 672 136 ) (992 736 136 ) 
4 34 36 (1024 800 136 ) (1024 736 136 ) (992 736 136 ) (992 800 136 ) 
4 34 35 (1024 864 136 ) (1024 800 136 ) (992 800 136 ) (992 864 136 ) 
4 35 44 (1024 864 128 ) (1024 800 128 ) (992 800 128 ) (992 864 128 ) 
4 35 36 (992 800 128 ) (1024 800 128 ) (1024 800 136 ) (992 800 136 ) 
4 36 44 (992 800 128 ) (1024 800 128 ) (1024 736 128 ) (992 736 128 ) 
4 36 39 (992 736 128 ) (1024 736 128 ) (1024 736 136 ) (992 736 136 ) 
4 37 45 (784 800 128 ) (848 800 128 ) (848 736 128 ) (784 736 128 ) 
4 38 45 (560 800 128 ) (624 800 128 ) (624 736 128 ) (560 736 128 ) 
4 39 44 (992 672 128 ) (992 736 128 ) (1024 736 128 ) (1024 672 128 ) 
4 40 45 (256 736 128 ) (256 800 128 ) (320 800 128 ) (320 736 128 ) 
4 41 46 (256 512 128 ) (256 576 128 ) (320 576 128 ) (320 512 128 ) 
4 42 46 (256 192 128 ) (256 256 128 ) (320 256 128 ) (320 192 128 ) 
4 43 84 (320 0 136 ) (256 0 136 ) (256 0 128 ) (320 0 128 ) 
4 43 46 (320 0 128 ) (256 0 128 ) (256 32 128 ) (320 32 128 ) 
4 44 51 (1024 864 112 ) (1024 672 112 ) (992 672 112 ) (992 864 112 ) 
4 45 53 (976 912 112 ) (976 624 112 ) (144 624 112 ) (144 912 112 ) 
4 45 46 (144 624 128 ) (144 624 112 ) (432 624 112 ) (432 624 128 ) 
4 46 85 (432 0 128 ) (144 0 128 ) (144 0 112 ) (432 0 112 ) 
4 46 60 (432 0 112 ) (144 0 112 ) (144 28 112 ) (432 28 112 ) 
4 46 59 (144 28 112 ) (144 176 112 ) (432 176 112 ) (432 28 112 ) 
4 46 58 (144 176 112 ) (144 232 112 ) (432 232 112 ) (432 176 112 ) 
4 46 57 (144 232 112 ) (144 296 112 ) (432 296 112 ) (432 232 112 ) 
4 46 56 (144 296 112 ) (144 352 112 ) (432 352 112 ) (432 296 112 ) 
4 46 55 (144 352 112 ) (144 624 112 ) (432 624 112 ) (432 352 112 ) 
4 47 86 (128 0 128 ) (0 0 128 ) (0 0 112 ) (128 0 112 ) 
4 47 83 (0 160 112 ) (0 0 112 ) (0 0 128 ) (0 160 128 ) 
4 47 67 (0 0 112 ) (0 160 112 ) (128 160 112 ) (128 0 112 ) 
4 48 53 (788 912 0 ) (844 912 0 ) (844 912 112 ) (788 912 112 ) 
4 49 53 (548 912 0 ) (604 912 0 ) (604 912 112 ) (548 912 112 ) 
4 50 53 (386 912 0 ) (442 912 0 ) (442 912 112 ) (386 912 112 ) 
4 51 68 (1024 864 0 ) (1024 672 0 ) (992 672 0 ) (992 864 0 ) 
4 51 52 (992 824 0 ) (992 712 0 ) (992 712 112 ) (992 824 112 ) 
4 52 53 (976 824 0 ) (976 712 0 ) (976 712 112 ) (976 824 112 ) 
4 53 55 (144 624 0 ) (432 624 0 ) (432 624 112 ) (144 624 112 ) 
4 53 54 (540 624 0 ) (596 624 0 ) (596 624 112 ) (540 624 112 ) 
4 55 56 (144 352 0 ) (432 352 0 ) (432 352 112 ) (144 352 112 ) 
4 56 57 (144 296 0 ) (432 296 0 ) (432 296 112 ) (144 296 112 ) 
4 57 58 (144 232 0 ) (432 232 0 ) (432 232 112 ) (144 232 112 ) 
4 58 59 (144 176 0 ) (432 176 0 ) (432 176 112 ) (144 176 112 ) 
4 59 63 (144 28 0 ) (432 28 0 ) (432 28 108 ) (144 28 108 ) 
4 59 60 (432 28 108 ) (432 28 112 ) (144 28 112 ) (144 28 108 ) 
4 60 87 (432 0 112 ) (139 0 112 ) (139 0 108 ) (432 0 108 ) 
4 60 64 (208.802109 0 108 ) (197.106964 0 108 ) (181.104980 5.824268 108 ) (182.473007 9.583053 108 ) 
5 60 63 (432 0 108 ) (208.802109 0 108 ) (139 25.406000 108 ) (139 28 108 ) (432 28 108 ) 
3 60 62 (197.106964 0 108 ) (139 0 108 ) (139 21.149288 108 ) 
4 61 88 (133 0 112 ) (128 0 112 ) (128 0 108 ) (133 0 108 ) 
4 61 67 (128 0 108 ) (128 0 112 ) (128 28 112 ) (128 28 108 ) 
4 61 66 (133 0 108 ) (128 0 108 ) (128 28 108 ) (133 28 108 ) 
4 62 89 (139 0 108 ) (133 0 108 ) (133 0 0 ) (139 0 0 ) 
4 62 87 (197.106964 0 108 ) (139 0 108 ) (139 0 0 ) (197.106964 0 0 ) 
4 62 65 (136 22.241966 0 ) (133 23.333984 0 ) (133 23.333984 108 ) (136 22.241966 108 ) 
4 62 64 (197.109161 0 0 ) (181.105255 5.824987 0 ) (181.105255 5.824987 108 ) (197.109161 0 108 ) 
4 62 66 (133 0 108 ) (133 23.333115 108 ) (133 23.333113 0 ) (133 0 0 ) 
4 63 87 (432 0 108 ) (208.802109 0 108 ) (208.802124 0 0 ) (432 0 0 ) 
4 63 64 (182.472748 9.582362 0 ) (208.799866 0 0 ) (208.799866 0 108 ) (182.472748 9.582363 108 ) 
4 64 87 (208.802109 0 108 ) (197.106964 0 108 ) (197.106964 0 0 ) (208.802124 0 0 ) 
4 65 66 (133 23.333115 108 ) (133 24 108 ) (133 24 0 ) (133 23.333113 0 ) 
4 66 90 (133 0 108 ) (128 0 108 ) (128 0 0 ) (133 0 0 ) 
4 66 67 (128 28 0 ) (128 0 0 ) (128 0 108 ) (128 28 108 ) 
4 67 90 (0 0 108 ) (0 0 0 ) (128 0 0 ) (128 0 108 ) 
4 67 88 (128 0 112 ) (0 0 112 ) (0 0 108 ) (128 0 108 ) 
4 67 83 (0 160 0 ) (0 0 0 ) (0 0 112 ) (0 160 112 ) 
4 68 70 (992 824 -272 ) (992 712 -272 ) (992 712 -160 ) (992 824 -160 ) 
4 68 69 (992 824 -136 ) (992 712 -136 ) (992 712 -24 ) (992 824 -24 ) 
4 70 79 (976 824 -272 ) (976 712 -272 ) (976 712 -160 ) (976 824 -160 ) 
4 71 75 (256 1024 -144 ) (320 1024 -144 ) (320 960 -144 ) (256 960 -144 ) 
4 72 76 (848 736 -144 ) (784 736 -144 ) (784 800 -144 ) (848 800 -144 ) 
4 73 76 (624 736 -144 ) (560 736 -144 ) (560 800 -144 ) (624 800 -144 ) 
4 74 76 (320 736 -144 ) (256 736 -144 ) (256 800 -144 ) (320 800 -144 ) 
4 75 78 (144 1024 -160 ) (432 1024 -160 ) (432 912 -160 ) (144 912 -160 ) 
4 75 76 (144 912 -144 ) (144 912 -160 ) (432 912 -160 ) (432 912 -144 ) 
4 76 81 (540 624 -160 ) (144 624 -160 ) (144 912 -160 ) (540 912 -160 ) 
4 76 80 (596 624 -160 ) (540 624 -160 ) (540 912 -160 ) (596 912 -160 ) 
4 76 79 (976 912 -160 ) (976 624 -160 ) (596 624 -160 ) (596 912 -160 ) 
4 77 79 (660 912 -272 ) (716 912 -272 ) (716 912 -160 ) (660 912 -160 ) 
4 78 82 (144 988 -272 ) (144 932 -272 ) (144 932 -160 ) (144 988 -160 ) 
4 78 81 (144 912 -160 ) (144 912 -272 ) (432 912 -272 ) (432 912 -160 ) 
4 79 80 (596 912 -160 ) (596 912 -272 ) (596 624 -272 ) (596 624 -160 ) 
4 80 81 (540 912 -160 ) (540 912 -272 ) (540 624 -272 ) (540 624 -160 ) 
4 83 94 (0 0 0 ) (0 0 128 ) (-128 0 128 ) (-128 0 0 ) 
4 84 85 (256 -32 128 ) (256 0 128 ) (320 0 128 ) (320 -32 128 ) 
4 85 91 (432 -160 112 ) (144 -160 112 ) (144 -28 112 ) (432 -28 112 ) 
4 85 87 (144 -28 112 ) (144 0 112 ) (432 0 112 ) (432 -28 112 ) 
4 86 94 (0 0 128 ) (0 0 112 ) (0 -160 112 ) (0 -160 128 ) 
4 86 92 (128 -160 112 ) (0 -160 112 ) (0 -28 112 ) (128 -28 112 ) 
4 86 88 (0 -28 112 ) (0 0 112 ) (128 0 112 ) (128 -28 112 ) 
4 87 91 (144 -28 0 ) (432 -28 0 ) (432 -28 112 ) (144 -28 112 ) 
4 87 89 (139 0 0 ) (139 -24 0 ) (139 -24 108 ) (139 0 108 ) 
4 88 94 (0 0 112 ) (0 0 108 ) (0 -28 108 ) (0 -28 112 ) 
4 88 92 (128 -28 112 ) (0 -28 112 ) (0 -28 108 ) (128 -28 108 ) 
4 88 90 (133 -28 108 ) (0 -28 108 ) (0 0 108 ) (133 0 108 ) 
4 89 90 (133 0 0 ) (133 -24 0 ) (133 -24 108 ) (133 0 108 ) 
4 90 94 (0 0 108 ) (0 0 0 ) (0 -28 0 ) (0 -28 108 ) 
4 90 92 (0 -28 0 ) (128 -28 0 ) (128 -28 108 ) (0 -28 108 ) 
4 91 93 (260 -160 0 ) (316 -160 0 ) (316 -160 112 ) (260 -160 112 ) 
4 92 94 (0 -28 0 ) (0 -160 0 ) (0 -160 112 ) (0 -28 112 ) 
